{"C:\\Users\\sso\\OneDrive - Milestone Systems\\Desktop\\toggle-button\\main.js": {"path":"C:\\Users\\sso\\OneDrive - Milestone Systems\\Desktop\\toggle-button\\main.js","statementMap":{"0":{"start":{"line":4,"column":23},"end":{"line":4,"column":38}},"1":{"start":{"line":6,"column":21},"end":{"line":6,"column":22}},"2":{"start":{"line":7,"column":22},"end":{"line":7,"column":23}},"3":{"start":{"line":8,"column":26},"end":{"line":8,"column":27}},"4":{"start":{"line":9,"column":27},"end":{"line":9,"column":28}},"5":{"start":{"line":13,"column":27},"end":{"line":13,"column":32}},"6":{"start":{"line":14,"column":12},"end":{"line":19,"column":3}},"7":{"start":{"line":22,"column":4},"end":{"line":22,"column":12}},"8":{"start":{"line":23,"column":4},"end":{"line":23,"column":54}},"9":{"start":{"line":24,"column":4},"end":{"line":24,"column":51}},"10":{"start":{"line":25,"column":4},"end":{"line":25,"column":49}},"11":{"start":{"line":26,"column":4},"end":{"line":26,"column":28}},"12":{"start":{"line":30,"column":4},"end":{"line":32,"column":5}},"13":{"start":{"line":31,"column":6},"end":{"line":31,"column":59}},"14":{"start":{"line":33,"column":4},"end":{"line":33,"column":16}},"15":{"start":{"line":37,"column":4},"end":{"line":37,"column":46}},"16":{"start":{"line":41,"column":4},"end":{"line":54,"column":5}},"17":{"start":{"line":42,"column":6},"end":{"line":42,"column":32}},"18":{"start":{"line":44,"column":6},"end":{"line":50,"column":8}},"19":{"start":{"line":52,"column":6},"end":{"line":52,"column":34}},"20":{"start":{"line":53,"column":6},"end":{"line":53,"column":20}},"21":{"start":{"line":58,"column":19},"end":{"line":64,"column":6}},"22":{"start":{"line":59,"column":6},"end":{"line":63,"column":9}},"23":{"start":{"line":60,"column":8},"end":{"line":62,"column":9}},"24":{"start":{"line":61,"column":10},"end":{"line":61,"column":30}},"25":{"start":{"line":65,"column":4},"end":{"line":65,"column":55}},"26":{"start":{"line":69,"column":4},"end":{"line":69,"column":64}},"27":{"start":{"line":70,"column":4},"end":{"line":70,"column":66}},"28":{"start":{"line":71,"column":4},"end":{"line":71,"column":50}},"29":{"start":{"line":73,"column":4},"end":{"line":73,"column":65}},"30":{"start":{"line":74,"column":4},"end":{"line":74,"column":67}},"31":{"start":{"line":75,"column":4},"end":{"line":75,"column":69}},"32":{"start":{"line":76,"column":4},"end":{"line":76,"column":70}},"33":{"start":{"line":78,"column":4},"end":{"line":78,"column":75}},"34":{"start":{"line":79,"column":4},"end":{"line":79,"column":77}},"35":{"start":{"line":80,"column":4},"end":{"line":80,"column":76}},"36":{"start":{"line":81,"column":4},"end":{"line":81,"column":78}},"37":{"start":{"line":82,"column":4},"end":{"line":82,"column":27}},"38":{"start":{"line":85,"column":16},"end":{"line":89,"column":3}},"39":{"start":{"line":86,"column":4},"end":{"line":86,"column":27}},"40":{"start":{"line":87,"column":4},"end":{"line":87,"column":57}},"41":{"start":{"line":88,"column":4},"end":{"line":88,"column":55}},"42":{"start":{"line":91,"column":14},"end":{"line":94,"column":3}},"43":{"start":{"line":92,"column":4},"end":{"line":92,"column":60}},"44":{"start":{"line":93,"column":4},"end":{"line":93,"column":58}},"45":{"start":{"line":96,"column":16},"end":{"line":102,"column":3}},"46":{"start":{"line":97,"column":4},"end":{"line":101,"column":5}},"47":{"start":{"line":98,"column":6},"end":{"line":98,"column":34}},"48":{"start":{"line":100,"column":6},"end":{"line":100,"column":35}},"49":{"start":{"line":104,"column":20},"end":{"line":110,"column":3}},"50":{"start":{"line":105,"column":4},"end":{"line":109,"column":5}},"51":{"start":{"line":106,"column":6},"end":{"line":106,"column":34}},"52":{"start":{"line":108,"column":6},"end":{"line":108,"column":35}},"53":{"start":{"line":112,"column":16},"end":{"line":114,"column":3}},"54":{"start":{"line":113,"column":4},"end":{"line":113,"column":32}},"55":{"start":{"line":116,"column":17},"end":{"line":118,"column":3}},"56":{"start":{"line":117,"column":4},"end":{"line":117,"column":33}},"57":{"start":{"line":120,"column":25},"end":{"line":126,"column":3}},"58":{"start":{"line":121,"column":4},"end":{"line":121,"column":30}},"59":{"start":{"line":122,"column":4},"end":{"line":124,"column":9}},"60":{"start":{"line":125,"column":4},"end":{"line":125,"column":55}},"61":{"start":{"line":128,"column":26},"end":{"line":132,"column":3}},"62":{"start":{"line":129,"column":4},"end":{"line":129,"column":31}},"63":{"start":{"line":130,"column":4},"end":{"line":130,"column":58}},"64":{"start":{"line":131,"column":4},"end":{"line":131,"column":56}},"65":{"start":{"line":134,"column":11},"end":{"line":144,"column":3}},"66":{"start":{"line":135,"column":4},"end":{"line":137,"column":5}},"67":{"start":{"line":136,"column":6},"end":{"line":136,"column":54}},"68":{"start":{"line":139,"column":21},"end":{"line":142,"column":11}},"69":{"start":{"line":143,"column":4},"end":{"line":143,"column":62}},"70":{"start":{"line":146,"column":12},"end":{"line":160,"column":3}},"71":{"start":{"line":147,"column":4},"end":{"line":147,"column":30}},"72":{"start":{"line":148,"column":4},"end":{"line":151,"column":5}},"73":{"start":{"line":149,"column":6},"end":{"line":149,"column":70}},"74":{"start":{"line":150,"column":6},"end":{"line":150,"column":74}},"75":{"start":{"line":152,"column":4},"end":{"line":155,"column":5}},"76":{"start":{"line":153,"column":6},"end":{"line":153,"column":72}},"77":{"start":{"line":154,"column":6},"end":{"line":154,"column":75}},"78":{"start":{"line":157,"column":4},"end":{"line":157,"column":28}},"79":{"start":{"line":158,"column":4},"end":{"line":158,"column":29}},"80":{"start":{"line":159,"column":4},"end":{"line":159,"column":21}},"81":{"start":{"line":163,"column":4},"end":{"line":163,"column":30}},"82":{"start":{"line":164,"column":4},"end":{"line":170,"column":6}},"83":{"start":{"line":171,"column":4},"end":{"line":171,"column":35}},"84":{"start":{"line":175,"column":0},"end":{"line":178,"column":2}}},"fnMap":{"0":{"name":"(anonymous_0)","decl":{"start":{"line":21,"column":2},"end":{"line":21,"column":3}},"loc":{"start":{"line":21,"column":16},"end":{"line":27,"column":3}},"line":21},"1":{"name":"(anonymous_1)","decl":{"start":{"line":29,"column":2},"end":{"line":29,"column":3}},"loc":{"start":{"line":29,"column":22},"end":{"line":34,"column":3}},"line":29},"2":{"name":"(anonymous_2)","decl":{"start":{"line":36,"column":2},"end":{"line":36,"column":3}},"loc":{"start":{"line":36,"column":27},"end":{"line":38,"column":3}},"line":36},"3":{"name":"(anonymous_3)","decl":{"start":{"line":40,"column":2},"end":{"line":40,"column":3}},"loc":{"start":{"line":40,"column":22},"end":{"line":55,"column":3}},"line":40},"4":{"name":"(anonymous_4)","decl":{"start":{"line":57,"column":2},"end":{"line":57,"column":3}},"loc":{"start":{"line":57,"column":25},"end":{"line":66,"column":3}},"line":57},"5":{"name":"(anonymous_5)","decl":{"start":{"line":58,"column":40},"end":{"line":58,"column":41}},"loc":{"start":{"line":58,"column":55},"end":{"line":64,"column":5}},"line":58},"6":{"name":"(anonymous_6)","decl":{"start":{"line":59,"column":24},"end":{"line":59,"column":25}},"loc":{"start":{"line":59,"column":38},"end":{"line":63,"column":7}},"line":59},"7":{"name":"(anonymous_7)","decl":{"start":{"line":68,"column":2},"end":{"line":68,"column":3}},"loc":{"start":{"line":68,"column":17},"end":{"line":83,"column":3}},"line":68},"8":{"name":"(anonymous_8)","decl":{"start":{"line":85,"column":16},"end":{"line":85,"column":17}},"loc":{"start":{"line":85,"column":27},"end":{"line":89,"column":3}},"line":85},"9":{"name":"(anonymous_9)","decl":{"start":{"line":91,"column":14},"end":{"line":91,"column":15}},"loc":{"start":{"line":91,"column":25},"end":{"line":94,"column":3}},"line":91},"10":{"name":"(anonymous_10)","decl":{"start":{"line":96,"column":16},"end":{"line":96,"column":17}},"loc":{"start":{"line":96,"column":27},"end":{"line":102,"column":3}},"line":96},"11":{"name":"(anonymous_11)","decl":{"start":{"line":104,"column":20},"end":{"line":104,"column":21}},"loc":{"start":{"line":104,"column":26},"end":{"line":110,"column":3}},"line":104},"12":{"name":"(anonymous_12)","decl":{"start":{"line":112,"column":16},"end":{"line":112,"column":17}},"loc":{"start":{"line":112,"column":27},"end":{"line":114,"column":3}},"line":112},"13":{"name":"(anonymous_13)","decl":{"start":{"line":116,"column":17},"end":{"line":116,"column":18}},"loc":{"start":{"line":116,"column":28},"end":{"line":118,"column":3}},"line":116},"14":{"name":"(anonymous_14)","decl":{"start":{"line":120,"column":25},"end":{"line":120,"column":26}},"loc":{"start":{"line":120,"column":31},"end":{"line":126,"column":3}},"line":120},"15":{"name":"(anonymous_15)","decl":{"start":{"line":128,"column":26},"end":{"line":128,"column":27}},"loc":{"start":{"line":128,"column":32},"end":{"line":132,"column":3}},"line":128},"16":{"name":"(anonymous_16)","decl":{"start":{"line":134,"column":11},"end":{"line":134,"column":12}},"loc":{"start":{"line":134,"column":17},"end":{"line":144,"column":3}},"line":134},"17":{"name":"(anonymous_17)","decl":{"start":{"line":146,"column":12},"end":{"line":146,"column":13}},"loc":{"start":{"line":146,"column":18},"end":{"line":160,"column":3}},"line":146},"18":{"name":"(anonymous_18)","decl":{"start":{"line":162,"column":2},"end":{"line":162,"column":3}},"loc":{"start":{"line":162,"column":25},"end":{"line":172,"column":3}},"line":162}},"branchMap":{"0":{"loc":{"start":{"line":30,"column":4},"end":{"line":32,"column":5}},"type":"if","locations":[{"start":{"line":30,"column":4},"end":{"line":32,"column":5}},{"start":{},"end":{}}],"line":30},"1":{"loc":{"start":{"line":41,"column":4},"end":{"line":54,"column":5}},"type":"if","locations":[{"start":{"line":41,"column":4},"end":{"line":54,"column":5}},{"start":{},"end":{}}],"line":41},"2":{"loc":{"start":{"line":60,"column":8},"end":{"line":62,"column":9}},"type":"if","locations":[{"start":{"line":60,"column":8},"end":{"line":62,"column":9}},{"start":{},"end":{}}],"line":60},"3":{"loc":{"start":{"line":97,"column":4},"end":{"line":101,"column":5}},"type":"if","locations":[{"start":{"line":97,"column":4},"end":{"line":101,"column":5}},{"start":{"line":99,"column":11},"end":{"line":101,"column":5}}],"line":97},"4":{"loc":{"start":{"line":105,"column":4},"end":{"line":109,"column":5}},"type":"if","locations":[{"start":{"line":105,"column":4},"end":{"line":109,"column":5}},{"start":{"line":107,"column":11},"end":{"line":109,"column":5}}],"line":105},"5":{"loc":{"start":{"line":148,"column":4},"end":{"line":151,"column":5}},"type":"if","locations":[{"start":{"line":148,"column":4},"end":{"line":151,"column":5}},{"start":{},"end":{}}],"line":148},"6":{"loc":{"start":{"line":152,"column":4},"end":{"line":155,"column":5}},"type":"if","locations":[{"start":{"line":152,"column":4},"end":{"line":155,"column":5}},{"start":{},"end":{}}],"line":152},"7":{"loc":{"start":{"line":171,"column":4},"end":{"line":171,"column":34}},"type":"binary-expr","locations":[{"start":{"line":171,"column":4},"end":{"line":171,"column":16}},{"start":{"line":171,"column":20},"end":{"line":171,"column":34}}],"line":171}},"s":{"0":1,"1":1,"2":1,"3":1,"4":1,"5":1,"6":1,"7":1,"8":1,"9":1,"10":1,"11":1,"12":6,"13":5,"14":1,"15":10,"16":2,"17":2,"18":2,"19":2,"20":2,"21":2,"22":3,"23":11,"24":3,"25":2,"26":3,"27":3,"28":3,"29":3,"30":3,"31":3,"32":3,"33":3,"34":3,"35":3,"36":3,"37":3,"38":1,"39":1,"40":1,"41":1,"42":1,"43":1,"44":1,"45":1,"46":2,"47":1,"48":1,"49":1,"50":3,"51":1,"52":2,"53":1,"54":1,"55":1,"56":1,"57":1,"58":3,"59":3,"60":3,"61":1,"62":4,"63":4,"64":4,"65":1,"66":2,"67":4,"68":2,"69":2,"70":1,"71":1,"72":1,"73":1,"74":1,"75":1,"76":1,"77":1,"78":1,"79":1,"80":1,"81":1,"82":1,"83":1,"84":1},"f":{"0":1,"1":6,"2":10,"3":2,"4":2,"5":3,"6":11,"7":3,"8":1,"9":1,"10":2,"11":3,"12":1,"13":1,"14":3,"15":4,"16":2,"17":1,"18":1},"b":{"0":[5,1],"1":[2,0],"2":[3,8],"3":[1,1],"4":[1,2],"5":[1,0],"6":[1,0],"7":[1,1]},"_coverageSchema":"1a1c01bbd47fc00a2c39e90264f33305004495a9","hash":"8f15346a32dd92493a451bb8b00be6e1e82bd620"}
,"C:\\Users\\sso\\OneDrive - Milestone Systems\\Desktop\\toggle-button\\js\\template.js": {"path":"C:\\Users\\sso\\OneDrive - Milestone Systems\\Desktop\\toggle-button\\js\\template.js","statementMap":{"0":{"start":{"line":3,"column":4},"end":{"line":3,"column":55}},"1":{"start":{"line":4,"column":4},"end":{"line":65,"column":16}},"2":{"start":{"line":69,"column":4},"end":{"line":69,"column":25}}},"fnMap":{"0":{"name":"(anonymous_0)","decl":{"start":{"line":2,"column":2},"end":{"line":2,"column":3}},"loc":{"start":{"line":2,"column":29},"end":{"line":66,"column":3}},"line":2},"1":{"name":"(anonymous_1)","decl":{"start":{"line":68,"column":2},"end":{"line":68,"column":3}},"loc":{"start":{"line":68,"column":8},"end":{"line":70,"column":3}},"line":68}},"branchMap":{},"s":{"0":2,"1":2,"2":2},"f":{"0":2,"1":2},"b":{},"_coverageSchema":"1a1c01bbd47fc00a2c39e90264f33305004495a9","hash":"6c23752a7cf77f04f6b3beec38e7f75f581c9873"}
}
