{"C:\\Users\\sso\\OneDrive - Milestone Systems\\Desktop\\toggle-drag\\main.js": {"path":"C:\\Users\\sso\\OneDrive - Milestone Systems\\Desktop\\toggle-drag\\main.js","statementMap":{"0":{"start":{"line":4,"column":23},"end":{"line":4,"column":36}},"1":{"start":{"line":6,"column":21},"end":{"line":6,"column":22}},"2":{"start":{"line":7,"column":22},"end":{"line":7,"column":23}},"3":{"start":{"line":8,"column":26},"end":{"line":8,"column":27}},"4":{"start":{"line":9,"column":27},"end":{"line":9,"column":28}},"5":{"start":{"line":10,"column":19},"end":{"line":10,"column":25}},"6":{"start":{"line":11,"column":20},"end":{"line":11,"column":27}},"7":{"start":{"line":12,"column":28},"end":{"line":12,"column":33}},"8":{"start":{"line":16,"column":12},"end":{"line":21,"column":3}},"9":{"start":{"line":24,"column":4},"end":{"line":24,"column":12}},"10":{"start":{"line":25,"column":4},"end":{"line":25,"column":54}},"11":{"start":{"line":26,"column":4},"end":{"line":26,"column":51}},"12":{"start":{"line":27,"column":4},"end":{"line":27,"column":49}},"13":{"start":{"line":28,"column":4},"end":{"line":28,"column":28}},"14":{"start":{"line":32,"column":4},"end":{"line":32,"column":42}},"15":{"start":{"line":36,"column":4},"end":{"line":40,"column":5}},"16":{"start":{"line":37,"column":6},"end":{"line":37,"column":44}},"17":{"start":{"line":39,"column":6},"end":{"line":39,"column":40}},"18":{"start":{"line":44,"column":4},"end":{"line":57,"column":5}},"19":{"start":{"line":45,"column":6},"end":{"line":45,"column":32}},"20":{"start":{"line":47,"column":6},"end":{"line":53,"column":8}},"21":{"start":{"line":55,"column":6},"end":{"line":55,"column":34}},"22":{"start":{"line":56,"column":6},"end":{"line":56,"column":20}},"23":{"start":{"line":61,"column":19},"end":{"line":67,"column":6}},"24":{"start":{"line":62,"column":6},"end":{"line":66,"column":9}},"25":{"start":{"line":63,"column":8},"end":{"line":65,"column":9}},"26":{"start":{"line":64,"column":10},"end":{"line":64,"column":30}},"27":{"start":{"line":68,"column":4},"end":{"line":68,"column":55}},"28":{"start":{"line":72,"column":4},"end":{"line":72,"column":64}},"29":{"start":{"line":73,"column":4},"end":{"line":73,"column":66}},"30":{"start":{"line":74,"column":4},"end":{"line":74,"column":50}},"31":{"start":{"line":76,"column":4},"end":{"line":76,"column":65}},"32":{"start":{"line":77,"column":4},"end":{"line":77,"column":67}},"33":{"start":{"line":78,"column":4},"end":{"line":78,"column":69}},"34":{"start":{"line":79,"column":4},"end":{"line":79,"column":70}},"35":{"start":{"line":81,"column":4},"end":{"line":81,"column":75}},"36":{"start":{"line":82,"column":4},"end":{"line":82,"column":77}},"37":{"start":{"line":83,"column":4},"end":{"line":83,"column":76}},"38":{"start":{"line":84,"column":4},"end":{"line":84,"column":78}},"39":{"start":{"line":86,"column":4},"end":{"line":86,"column":27}},"40":{"start":{"line":89,"column":16},"end":{"line":94,"column":3}},"41":{"start":{"line":90,"column":4},"end":{"line":90,"column":27}},"42":{"start":{"line":92,"column":4},"end":{"line":92,"column":57}},"43":{"start":{"line":93,"column":4},"end":{"line":93,"column":55}},"44":{"start":{"line":96,"column":14},"end":{"line":99,"column":3}},"45":{"start":{"line":97,"column":4},"end":{"line":97,"column":60}},"46":{"start":{"line":98,"column":4},"end":{"line":98,"column":58}},"47":{"start":{"line":101,"column":16},"end":{"line":107,"column":3}},"48":{"start":{"line":102,"column":4},"end":{"line":106,"column":5}},"49":{"start":{"line":103,"column":6},"end":{"line":103,"column":34}},"50":{"start":{"line":105,"column":6},"end":{"line":105,"column":35}},"51":{"start":{"line":109,"column":20},"end":{"line":115,"column":3}},"52":{"start":{"line":110,"column":4},"end":{"line":114,"column":5}},"53":{"start":{"line":111,"column":6},"end":{"line":111,"column":34}},"54":{"start":{"line":112,"column":11},"end":{"line":114,"column":5}},"55":{"start":{"line":113,"column":6},"end":{"line":113,"column":35}},"56":{"start":{"line":117,"column":16},"end":{"line":119,"column":3}},"57":{"start":{"line":118,"column":4},"end":{"line":118,"column":32}},"58":{"start":{"line":121,"column":17},"end":{"line":123,"column":3}},"59":{"start":{"line":122,"column":4},"end":{"line":122,"column":33}},"60":{"start":{"line":125,"column":25},"end":{"line":131,"column":3}},"61":{"start":{"line":126,"column":4},"end":{"line":126,"column":41}},"62":{"start":{"line":127,"column":4},"end":{"line":129,"column":9}},"63":{"start":{"line":130,"column":4},"end":{"line":130,"column":56}},"64":{"start":{"line":133,"column":26},"end":{"line":137,"column":3}},"65":{"start":{"line":134,"column":4},"end":{"line":134,"column":42}},"66":{"start":{"line":135,"column":4},"end":{"line":135,"column":58}},"67":{"start":{"line":136,"column":4},"end":{"line":136,"column":56}},"68":{"start":{"line":139,"column":11},"end":{"line":149,"column":3}},"69":{"start":{"line":140,"column":4},"end":{"line":142,"column":5}},"70":{"start":{"line":141,"column":6},"end":{"line":141,"column":54}},"71":{"start":{"line":144,"column":21},"end":{"line":147,"column":11}},"72":{"start":{"line":148,"column":4},"end":{"line":148,"column":62}},"73":{"start":{"line":151,"column":12},"end":{"line":157,"column":3}},"74":{"start":{"line":152,"column":4},"end":{"line":152,"column":30}},"75":{"start":{"line":153,"column":4},"end":{"line":153,"column":68}},"76":{"start":{"line":154,"column":4},"end":{"line":154,"column":70}},"77":{"start":{"line":155,"column":4},"end":{"line":155,"column":72}},"78":{"start":{"line":156,"column":4},"end":{"line":156,"column":73}},"79":{"start":{"line":160,"column":4},"end":{"line":160,"column":30}},"80":{"start":{"line":161,"column":4},"end":{"line":167,"column":6}},"81":{"start":{"line":168,"column":4},"end":{"line":168,"column":35}},"82":{"start":{"line":172,"column":0},"end":{"line":172,"column":77}}},"fnMap":{"0":{"name":"(anonymous_0)","decl":{"start":{"line":23,"column":2},"end":{"line":23,"column":3}},"loc":{"start":{"line":23,"column":16},"end":{"line":29,"column":3}},"line":23},"1":{"name":"(anonymous_1)","decl":{"start":{"line":31,"column":2},"end":{"line":31,"column":3}},"loc":{"start":{"line":31,"column":18},"end":{"line":33,"column":3}},"line":31},"2":{"name":"(anonymous_2)","decl":{"start":{"line":35,"column":2},"end":{"line":35,"column":3}},"loc":{"start":{"line":35,"column":23},"end":{"line":41,"column":3}},"line":35},"3":{"name":"(anonymous_3)","decl":{"start":{"line":43,"column":2},"end":{"line":43,"column":3}},"loc":{"start":{"line":43,"column":22},"end":{"line":58,"column":3}},"line":43},"4":{"name":"(anonymous_4)","decl":{"start":{"line":60,"column":2},"end":{"line":60,"column":3}},"loc":{"start":{"line":60,"column":25},"end":{"line":69,"column":3}},"line":60},"5":{"name":"(anonymous_5)","decl":{"start":{"line":61,"column":40},"end":{"line":61,"column":41}},"loc":{"start":{"line":61,"column":55},"end":{"line":67,"column":5}},"line":61},"6":{"name":"(anonymous_6)","decl":{"start":{"line":62,"column":24},"end":{"line":62,"column":25}},"loc":{"start":{"line":62,"column":38},"end":{"line":66,"column":7}},"line":62},"7":{"name":"(anonymous_7)","decl":{"start":{"line":71,"column":2},"end":{"line":71,"column":3}},"loc":{"start":{"line":71,"column":17},"end":{"line":87,"column":3}},"line":71},"8":{"name":"(anonymous_8)","decl":{"start":{"line":89,"column":16},"end":{"line":89,"column":17}},"loc":{"start":{"line":89,"column":27},"end":{"line":94,"column":3}},"line":89},"9":{"name":"(anonymous_9)","decl":{"start":{"line":96,"column":14},"end":{"line":96,"column":15}},"loc":{"start":{"line":96,"column":25},"end":{"line":99,"column":3}},"line":96},"10":{"name":"(anonymous_10)","decl":{"start":{"line":101,"column":16},"end":{"line":101,"column":17}},"loc":{"start":{"line":101,"column":27},"end":{"line":107,"column":3}},"line":101},"11":{"name":"(anonymous_11)","decl":{"start":{"line":109,"column":20},"end":{"line":109,"column":21}},"loc":{"start":{"line":109,"column":26},"end":{"line":115,"column":3}},"line":109},"12":{"name":"(anonymous_12)","decl":{"start":{"line":117,"column":16},"end":{"line":117,"column":17}},"loc":{"start":{"line":117,"column":27},"end":{"line":119,"column":3}},"line":117},"13":{"name":"(anonymous_13)","decl":{"start":{"line":121,"column":17},"end":{"line":121,"column":18}},"loc":{"start":{"line":121,"column":28},"end":{"line":123,"column":3}},"line":121},"14":{"name":"(anonymous_14)","decl":{"start":{"line":125,"column":25},"end":{"line":125,"column":26}},"loc":{"start":{"line":125,"column":31},"end":{"line":131,"column":3}},"line":125},"15":{"name":"(anonymous_15)","decl":{"start":{"line":133,"column":26},"end":{"line":133,"column":27}},"loc":{"start":{"line":133,"column":32},"end":{"line":137,"column":3}},"line":133},"16":{"name":"(anonymous_16)","decl":{"start":{"line":139,"column":11},"end":{"line":139,"column":12}},"loc":{"start":{"line":139,"column":17},"end":{"line":149,"column":3}},"line":139},"17":{"name":"(anonymous_17)","decl":{"start":{"line":151,"column":12},"end":{"line":151,"column":13}},"loc":{"start":{"line":151,"column":18},"end":{"line":157,"column":3}},"line":151},"18":{"name":"(anonymous_18)","decl":{"start":{"line":159,"column":2},"end":{"line":159,"column":3}},"loc":{"start":{"line":159,"column":25},"end":{"line":169,"column":3}},"line":159}},"branchMap":{"0":{"loc":{"start":{"line":36,"column":4},"end":{"line":40,"column":5}},"type":"if","locations":[{"start":{"line":36,"column":4},"end":{"line":40,"column":5}},{"start":{"line":38,"column":11},"end":{"line":40,"column":5}}],"line":36},"1":{"loc":{"start":{"line":44,"column":4},"end":{"line":57,"column":5}},"type":"if","locations":[{"start":{"line":44,"column":4},"end":{"line":57,"column":5}},{"start":{},"end":{}}],"line":44},"2":{"loc":{"start":{"line":63,"column":8},"end":{"line":65,"column":9}},"type":"if","locations":[{"start":{"line":63,"column":8},"end":{"line":65,"column":9}},{"start":{},"end":{}}],"line":63},"3":{"loc":{"start":{"line":102,"column":4},"end":{"line":106,"column":5}},"type":"if","locations":[{"start":{"line":102,"column":4},"end":{"line":106,"column":5}},{"start":{"line":104,"column":11},"end":{"line":106,"column":5}}],"line":102},"4":{"loc":{"start":{"line":110,"column":4},"end":{"line":114,"column":5}},"type":"if","locations":[{"start":{"line":110,"column":4},"end":{"line":114,"column":5}},{"start":{"line":112,"column":11},"end":{"line":114,"column":5}}],"line":110},"5":{"loc":{"start":{"line":112,"column":11},"end":{"line":114,"column":5}},"type":"if","locations":[{"start":{"line":112,"column":11},"end":{"line":114,"column":5}},{"start":{},"end":{}}],"line":112},"6":{"loc":{"start":{"line":168,"column":4},"end":{"line":168,"column":34}},"type":"binary-expr","locations":[{"start":{"line":168,"column":4},"end":{"line":168,"column":16}},{"start":{"line":168,"column":20},"end":{"line":168,"column":34}}],"line":168}},"s":{"0":1,"1":1,"2":1,"3":1,"4":1,"5":1,"6":1,"7":1,"8":1,"9":1,"10":1,"11":1,"12":1,"13":1,"14":6,"15":2,"16":1,"17":1,"18":2,"19":2,"20":2,"21":2,"22":2,"23":2,"24":3,"25":11,"26":3,"27":2,"28":3,"29":3,"30":3,"31":3,"32":3,"33":3,"34":3,"35":3,"36":3,"37":3,"38":3,"39":3,"40":1,"41":0,"42":0,"43":0,"44":1,"45":0,"46":0,"47":1,"48":0,"49":0,"50":0,"51":1,"52":3,"53":0,"54":3,"55":0,"56":1,"57":0,"58":1,"59":0,"60":1,"61":0,"62":0,"63":0,"64":1,"65":0,"66":0,"67":0,"68":1,"69":2,"70":4,"71":2,"72":2,"73":1,"74":1,"75":1,"76":1,"77":1,"78":1,"79":1,"80":1,"81":1,"82":1},"f":{"0":1,"1":6,"2":2,"3":2,"4":2,"5":3,"6":11,"7":3,"8":0,"9":0,"10":0,"11":3,"12":0,"13":0,"14":0,"15":0,"16":2,"17":1,"18":1},"b":{"0":[1,1],"1":[2,0],"2":[3,8],"3":[0,0],"4":[0,3],"5":[0,3],"6":[1,1]},"_coverageSchema":"1a1c01bbd47fc00a2c39e90264f33305004495a9","hash":"7b28051ee9eecdc56fcddfa40db75692c813878d"}
,"C:\\Users\\sso\\OneDrive - Milestone Systems\\Desktop\\toggle-drag\\js\\template.js": {"path":"C:\\Users\\sso\\OneDrive - Milestone Systems\\Desktop\\toggle-drag\\js\\template.js","statementMap":{"0":{"start":{"line":3,"column":4},"end":{"line":3,"column":55}},"1":{"start":{"line":4,"column":4},"end":{"line":66,"column":16}},"2":{"start":{"line":70,"column":4},"end":{"line":70,"column":25}}},"fnMap":{"0":{"name":"(anonymous_0)","decl":{"start":{"line":2,"column":2},"end":{"line":2,"column":3}},"loc":{"start":{"line":2,"column":29},"end":{"line":67,"column":3}},"line":2},"1":{"name":"(anonymous_1)","decl":{"start":{"line":69,"column":2},"end":{"line":69,"column":3}},"loc":{"start":{"line":69,"column":8},"end":{"line":71,"column":3}},"line":69}},"branchMap":{},"s":{"0":2,"1":2,"2":2},"f":{"0":2,"1":2},"b":{},"_coverageSchema":"1a1c01bbd47fc00a2c39e90264f33305004495a9","hash":"5f63babd693ddbd1a7a0283f5ee8572f397f0528"}
}
