TN:
SF:main.js
FN:23,(anonymous_0)
FN:31,(anonymous_1)
FN:35,(anonymous_2)
FN:43,(anonymous_3)
FN:60,(anonymous_4)
FN:61,(anonymous_5)
FN:62,(anonymous_6)
FN:71,(anonymous_7)
FN:96,(anonymous_8)
FN:104,(anonymous_9)
FN:109,(anonymous_10)
FN:117,(anonymous_11)
FN:125,(anonymous_12)
FN:129,(anonymous_13)
FN:133,(anonymous_14)
FN:141,(anonymous_15)
FN:147,(anonymous_16)
FN:159,(anonymous_17)
FN:167,(anonymous_18)
FNF:19
FNH:17
FNDA:1,(anonymous_0)
FNDA:6,(anonymous_1)
FNDA:6,(anonymous_2)
FNDA:3,(anonymous_3)
FNDA:2,(anonymous_4)
FNDA:3,(anonymous_5)
FNDA:11,(anonymous_6)
FNDA:3,(anonymous_7)
FNDA:1,(anonymous_8)
FNDA:1,(anonymous_9)
FNDA:2,(anonymous_10)
FNDA:3,(anonymous_11)
FNDA:0,(anonymous_12)
FNDA:0,(anonymous_13)
FNDA:1,(anonymous_14)
FNDA:3,(anonymous_15)
FNDA:2,(anonymous_16)
FNDA:2,(anonymous_17)
FNDA:2,(anonymous_18)
DA:4,1
DA:6,1
DA:7,1
DA:8,1
DA:9,1
DA:10,1
DA:11,1
DA:12,1
DA:16,1
DA:24,1
DA:25,1
DA:26,1
DA:27,1
DA:28,1
DA:32,6
DA:36,6
DA:37,5
DA:39,1
DA:44,3
DA:45,2
DA:47,2
DA:55,2
DA:56,2
DA:61,2
DA:62,3
DA:63,11
DA:64,3
DA:68,2
DA:72,3
DA:73,3
DA:74,3
DA:76,3
DA:77,3
DA:78,3
DA:79,3
DA:81,3
DA:82,3
DA:83,3
DA:84,3
DA:86,3
DA:96,1
DA:98,1
DA:100,1
DA:101,1
DA:104,1
DA:105,1
DA:106,1
DA:109,1
DA:110,2
DA:111,1
DA:113,1
DA:117,1
DA:118,3
DA:119,0
DA:120,3
DA:121,2
DA:125,1
DA:126,0
DA:129,1
DA:130,0
DA:133,1
DA:134,1
DA:135,1
DA:138,1
DA:141,1
DA:142,3
DA:143,3
DA:144,3
DA:147,1
DA:148,2
DA:149,4
DA:152,2
DA:156,2
DA:159,1
DA:160,2
DA:161,2
DA:162,2
DA:163,2
DA:164,2
DA:168,2
DA:169,2
DA:176,2
DA:180,1
LF:83
LH:80
BRDA:36,0,0,5
BRDA:36,0,1,1
BRDA:44,1,0,2
BRDA:44,1,1,1
BRDA:63,2,0,3
BRDA:63,2,1,8
BRDA:110,3,0,1
BRDA:110,3,1,1
BRDA:118,4,0,0
BRDA:118,4,1,3
BRDA:120,5,0,2
BRDA:120,5,1,1
BRDA:176,6,0,2
BRDA:176,6,1,2
BRF:14
BRH:13
end_of_record
TN:
SF:js\template.js
FN:2,(anonymous_0)
FN:69,(anonymous_1)
FNF:2
FNH:2
FNDA:2,(anonymous_0)
FNDA:2,(anonymous_1)
DA:3,2
DA:4,2
DA:70,2
LF:3
LH:3
BRF:0
BRH:0
end_of_record
