TN:
SF:main.js
FN:23,(anonymous_0)
FN:31,(anonymous_1)
FN:35,(anonymous_2)
FN:43,(anonymous_3)
FN:60,(anonymous_4)
FN:61,(anonymous_5)
FN:62,(anonymous_6)
FN:71,(anonymous_7)
FN:89,(anonymous_8)
FN:96,(anonymous_9)
FN:101,(anonymous_10)
FN:109,(anonymous_11)
FN:117,(anonymous_12)
FN:121,(anonymous_13)
FN:125,(anonymous_14)
FN:133,(anonymous_15)
FN:139,(anonymous_16)
FN:151,(anonymous_17)
FN:159,(anonymous_18)
FNF:19
FNH:11
FNDA:1,(anonymous_0)
FNDA:6,(anonymous_1)
FNDA:0,(anonymous_2)
FNDA:2,(anonymous_3)
FNDA:2,(anonymous_4)
FNDA:3,(anonymous_5)
FNDA:11,(anonymous_6)
FNDA:3,(anonymous_7)
FNDA:0,(anonymous_8)
FNDA:0,(anonymous_9)
FNDA:0,(anonymous_10)
FNDA:3,(anonymous_11)
FNDA:0,(anonymous_12)
FNDA:0,(anonymous_13)
FNDA:0,(anonymous_14)
FNDA:0,(anonymous_15)
FNDA:2,(anonymous_16)
FNDA:1,(anonymous_17)
FNDA:1,(anonymous_18)
DA:4,1
DA:6,1
DA:7,1
DA:8,1
DA:9,1
DA:10,1
DA:11,1
DA:12,1
DA:16,1
DA:24,1
DA:25,1
DA:26,1
DA:27,1
DA:28,1
DA:32,6
DA:36,0
DA:37,0
DA:39,0
DA:44,2
DA:45,2
DA:47,2
DA:55,2
DA:56,2
DA:61,2
DA:62,3
DA:63,11
DA:64,3
DA:68,2
DA:72,3
DA:73,3
DA:74,3
DA:76,3
DA:77,3
DA:78,3
DA:79,3
DA:81,3
DA:82,3
DA:83,3
DA:84,3
DA:86,3
DA:89,1
DA:90,0
DA:92,0
DA:93,0
DA:96,1
DA:97,0
DA:98,0
DA:101,1
DA:102,0
DA:103,0
DA:105,0
DA:109,1
DA:110,3
DA:111,0
DA:112,3
DA:113,0
DA:117,1
DA:118,0
DA:121,1
DA:122,0
DA:125,1
DA:126,0
DA:127,0
DA:130,0
DA:133,1
DA:134,0
DA:135,0
DA:136,0
DA:139,1
DA:140,2
DA:141,4
DA:144,2
DA:148,2
DA:151,1
DA:152,1
DA:153,1
DA:154,1
DA:155,1
DA:156,1
DA:160,1
DA:161,1
DA:168,1
DA:172,1
LF:83
LH:62
BRDA:36,0,0,0
BRDA:36,0,1,0
BRDA:44,1,0,2
BRDA:44,1,1,0
BRDA:63,2,0,3
BRDA:63,2,1,8
BRDA:102,3,0,0
BRDA:102,3,1,0
BRDA:110,4,0,0
BRDA:110,4,1,3
BRDA:112,5,0,0
BRDA:112,5,1,3
BRDA:168,6,0,1
BRDA:168,6,1,1
BRF:14
BRH:7
end_of_record
TN:
SF:js\template.js
FN:2,(anonymous_0)
FN:69,(anonymous_1)
FNF:2
FNH:2
FNDA:2,(anonymous_0)
FNDA:2,(anonymous_1)
DA:3,2
DA:4,2
DA:70,2
LF:3
LH:3
BRF:0
BRH:0
end_of_record
